2003.09.16 19:53 B C:\Documents and Settings\john\My Documents\brinkster\adovbs.inc --> www.uiowa.edu /web/data/www.uiowa/flying/testing adovbs.inc
2003.09.16 19:53 B C:\Documents and Settings\john\My Documents\brinkster\BOOKDetail.asp --> www.uiowa.edu /web/data/www.uiowa/flying/testing BOOKDetail.asp
2003.09.16 19:53 B C:\Documents and Settings\john\My Documents\brinkster\bookLib.asp --> www.uiowa.edu /web/data/www.uiowa/flying/testing bookLib.asp
2003.09.16 19:53 B C:\Documents and Settings\john\My Documents\brinkster\bookList.asp --> www.uiowa.edu /web/data/www.uiowa/flying/testing bookList.asp
2003.09.16 19:53 B C:\Documents and Settings\john\My Documents\brinkster\bookpopup.asp --> www.uiowa.edu /web/data/www.uiowa/flying/testing bookpopup.asp
2003.09.16 19:53 B C:\Documents and Settings\john\My Documents\brinkster\books.mdb --> www.uiowa.edu /web/data/www.uiowa/flying/testing books.mdb
2003.09.16 19:53 B C:\Documents and Settings\john\My Documents\brinkster\Config.asp --> www.uiowa.edu /web/data/www.uiowa/flying/testing Config.asp
2003.09.16 19:53 B C:\Documents and Settings\john\My Documents\brinkster\default.htm --> www.uiowa.edu /web/data/www.uiowa/flying/testing default.htm
2003.09.16 19:53 B C:\Documents and Settings\john\My Documents\brinkster\displaybook.asp --> www.uiowa.edu /web/data/www.uiowa/flying/testing displaybook.asp
2003.09.16 19:53 B C:\Documents and Settings\john\My Documents\brinkster\ocean.css --> www.uiowa.edu /web/data/www.uiowa/flying/testing ocean.css
2003.09.16 19:53 B C:\Documents and Settings\john\My Documents\brinkster\top.js --> www.uiowa.edu /web/data/www.uiowa/flying/testing top.js
2003.09.16 19:54 B C:\Documents and Settings\john\My Documents\brinkster\adovbs.inc --> www.uiowa.edu /web/data/www.uiowa/flying/production/flash adovbs.inc
2003.09.16 19:54 B C:\Documents and Settings\john\My Documents\brinkster\BOOKDetail.asp --> www.uiowa.edu /web/data/www.uiowa/flying/production/flash BOOKDetail.asp
2003.09.16 19:54 B C:\Documents and Settings\john\My Documents\brinkster\bookLib.asp --> www.uiowa.edu /web/data/www.uiowa/flying/production/flash bookLib.asp
2003.09.16 19:54 B C:\Documents and Settings\john\My Documents\brinkster\bookList.asp --> www.uiowa.edu /web/data/www.uiowa/flying/production/flash bookList.asp
2003.09.16 19:54 B C:\Documents and Settings\john\My Documents\brinkster\bookpopup.asp --> www.uiowa.edu /web/data/www.uiowa/flying/production/flash bookpopup.asp
2003.09.16 19:54 B C:\Documents and Settings\john\My Documents\brinkster\books.mdb --> www.uiowa.edu /web/data/www.uiowa/flying/production/flash books.mdb
2003.09.16 19:54 B C:\Documents and Settings\john\My Documents\brinkster\Config.asp --> www.uiowa.edu /web/data/www.uiowa/flying/production/flash Config.asp
2003.09.16 19:54 B C:\Documents and Settings\john\My Documents\brinkster\default.htm --> www.uiowa.edu /web/data/www.uiowa/flying/production/flash default.htm
2003.09.16 19:54 B C:\Documents and Settings\john\My Documents\brinkster\displaybook.asp --> www.uiowa.edu /web/data/www.uiowa/flying/production/flash displaybook.asp
2003.09.16 19:54 B C:\Documents and Settings\john\My Documents\brinkster\ocean.css --> www.uiowa.edu /web/data/www.uiowa/flying/production/flash ocean.css
2003.09.16 19:54 B C:\Documents and Settings\john\My Documents\brinkster\top.js --> www.uiowa.edu /web/data/www.uiowa/flying/production/flash top.js
2006.07.03 10:30 B K:\John\My Documents\brinkster\adovbs.inc --> s168501117.onlinehome.us /u40632776/brinkster adovbs.inc
2006.07.03 10:30 B K:\John\My Documents\brinkster\BOOKDetail.asp --> s168501117.onlinehome.us /u40632776/brinkster BOOKDetail.asp
2006.07.03 10:30 B K:\John\My Documents\brinkster\bookLib.asp --> s168501117.onlinehome.us /u40632776/brinkster bookLib.asp
2006.07.03 10:30 B K:\John\My Documents\brinkster\bookList.asp --> s168501117.onlinehome.us /u40632776/brinkster bookList.asp
2006.07.03 10:30 B K:\John\My Documents\brinkster\bookpopup.asp --> s168501117.onlinehome.us /u40632776/brinkster bookpopup.asp
2006.07.03 10:30 B K:\John\My Documents\brinkster\books.mdb --> s168501117.onlinehome.us /u40632776/brinkster books.mdb
2006.07.03 10:30 B K:\John\My Documents\brinkster\Config.asp --> s168501117.onlinehome.us /u40632776/brinkster Config.asp
2006.07.03 10:30 B K:\John\My Documents\brinkster\default.htm --> s168501117.onlinehome.us /u40632776/brinkster default.htm
2006.07.03 10:30 B K:\John\My Documents\brinkster\displaybook.asp --> s168501117.onlinehome.us /u40632776/brinkster displaybook.asp
2006.07.03 10:30 B K:\John\My Documents\brinkster\ocean.css --> s168501117.onlinehome.us /u40632776/brinkster ocean.css
2006.07.03 10:30 B K:\John\My Documents\brinkster\Thumbs.db --> s168501117.onlinehome.us /u40632776/brinkster Thumbs.db
2006.07.03 10:30 B K:\John\My Documents\brinkster\top.js --> s168501117.onlinehome.us /u40632776/brinkster top.js
2006.07.03 10:30 B K:\John\My Documents\brinkster\WS_FTP.LOG --> s168501117.onlinehome.us /u40632776/brinkster WS_FTP.LOG
